Using pre-set license
Built from '2021.1/staging' branch; Version is '2021.1.7f1 (d91830b65d9b) revision 14227504'; Using compiler version '192528614'; Build Type 'Release'
OS: 'Windows 10 Pro; OS build 19043.985; Version 2009; 64bit' Language: 'en' Physical Memory: 16185 MB
BatchMode: 1, IsHumanControllingUs: 0, StartBugReporterOnCrash: 0, Is64bit: 1, IsPro: 0

 COMMAND LINE ARGUMENTS:
C:\Program Files\Unity\Hub\Editor\2021.1.7f1\Editor\Unity.exe
-adb2
-batchMode
-noUpm
-name
AssetImportWorker0
-projectPath
D:/School Work/GDEV 267/01-gettingstarted-pseudoprosciutto
-logFile
Logs/AssetImportWorker0.log
-srvPort
65300
Successfully changed project path to: D:/School Work/GDEV 267/01-gettingstarted-pseudoprosciutto
D:/School Work/GDEV 267/01-gettingstarted-pseudoprosciutto
Using Asset Import Pipeline V2.
Refreshing native plugins compatible for Editor in 59.51 ms, found 1 plugins.
Preloading 0 native plugins for Editor in 0.00 ms.
Initialize engine version: 2021.1.7f1 (d91830b65d9b)
[Subsystems] Discovering subsystems at path C:/Program Files/Unity/Hub/Editor/2021.1.7f1/Editor/Data/Resources/UnitySubsystems
[Subsystems] Discovering subsystems at path D:/School Work/GDEV 267/01-gettingstarted-pseudoprosciutto/Assets
GfxDevice: creating device client; threaded=0; jobified=0
Direct3D:
    Version:  Direct3D 11.0 [level 11.1]
    Renderer: NVIDIA GeForce RTX 3080 (ID=0x2206)
    Vendor:   NVIDIA
    VRAM:     10078 MB
    Driver:   27.21.14.6647
Initialize mono
Mono path[0] = 'C:/Program Files/Unity/Hub/Editor/2021.1.7f1/Editor/Data/Managed'
Mono path[1] = 'C:/Program Files/Unity/Hub/Editor/2021.1.7f1/Editor/Data/MonoBleedingEdge/lib/mono/unityjit'
Mono config path = 'C:/Program Files/Unity/Hub/Editor/2021.1.7f1/Editor/Data/MonoBleedingEdge/etc'
Using monoOptions --debugger-agent=transport=dt_socket,embedding=1,server=y,suspend=n,address=127.0.0.1:56736
Begin MonoManager ReloadAssembly
Registering precompiled unity dll's ...
Register platform support module: C:/Program Files/Unity/Hub/Editor/2021.1.7f1/Editor/Data/PlaybackEngines/WebGLSupport/UnityEditor.WebGL.Extensions.dll
Register platform support module: C:/Program Files/Unity/Hub/Editor/2021.1.7f1/Editor/Data/PlaybackEngines/WindowsStandaloneSupport/UnityEditor.WindowsStandalone.Extensions.dll
Registered in 0.001558 seconds.
Native extension for WindowsStandalone target not found
Native extension for WebGL target not found
Refreshing native plugins compatible for Editor in 82.28 ms, found 1 plugins.
Preloading 0 native plugins for Editor in 0.00 ms.
Mono: successfully reloaded assembly
- Completed reload, in  1.387 seconds
Platform modules already initialized, skipping
Registering precompiled user dll's ...
Registered in 0.001452 seconds.
Begin MonoManager ReloadAssembly
Symbol file LoadedFromMemory doesn't match image D:\School Work\GDEV 267\01-gettingstarted-pseudoprosciutto\Library\PackageCache\com.unity.visualscripting@1.6.1\Editor\VisualScripting.Core\Dependencies\YamlDotNet\Unity.VisualScripting.YamlDotNet.dll
Symbol file LoadedFromMemory doesn't match image D:\School Work\GDEV 267\01-gettingstarted-pseudoprosciutto\Library\PackageCache\com.unity.visualscripting@1.6.1\Editor\VisualScripting.Core\Dependencies\DotNetZip\Unity.VisualScripting.IonicZip.dll
Native extension for WindowsStandalone target not found
Native extension for WebGL target not found
Refreshing native plugins compatible for Editor in 62.31 ms, found 1 plugins.
Preloading 0 native plugins for Editor in 0.00 ms.
Mono: successfully reloaded assembly
- Completed reload, in  0.846 seconds
Platform modules already initialized, skipping
========================================================================
Worker process is ready to serve import requests
Launched and connected shader compiler UnityShaderCompiler.exe after 0.03 seconds
Refreshing native plugins compatible for Editor in 0.50 ms, found 1 plugins.
Preloading 0 native plugins for Editor in 0.00 ms.
Unloading 2995 Unused Serialized files (Serialized files now loaded: 0)
System memory in use before: 111.3 MB.
System memory in use after: 111.5 MB.

Unloading 15 unused Assets to reduce memory usage. Loaded Objects now: 3451.
Total: 4.796200 ms (FindLiveObjects: 0.321900 ms CreateObjectMapping: 0.216500 ms MarkObjects: 4.143800 ms  DeleteObjects: 0.112800 ms)

========================================================================
Received Import Request.
  path: Assets/Scenes
  artifactKey: Guid(4f34ce343dd491849b6690594ef23ec3) Importer(815301076,1909f56bfc062723c751e8b465ee728b)
Start importing Assets/Scenes using Guid(4f34ce343dd491849b6690594ef23ec3) Importer(815301076,1909f56bfc062723c751e8b465ee728b)  -> (artifact id: 'f2ed96ffcf47f5d8a9b130361e976957') in 0.099132 seconds 
========================================================================
Received Import Request.
  Time since last request: 0.000205 seconds.
  path: Assets/Scenes/RollABall Lesson.unity
  artifactKey: Guid(246c2b49f7bf7416e9a789dea0df15d5) Importer(815301076,1909f56bfc062723c751e8b465ee728b)
Start importing Assets/Scenes/RollABall Lesson.unity using Guid(246c2b49f7bf7416e9a789dea0df15d5) Importer(815301076,1909f56bfc062723c751e8b465ee728b)  -> (artifact id: '9999521ff051580b952b47a9832a0c1f') in 0.020694 seconds 
========================================================================
Received Prepare
Registering precompiled user dll's ...
Registered in 0.001279 seconds.
Begin MonoManager ReloadAssembly
Symbol file LoadedFromMemory doesn't match image D:\School Work\GDEV 267\01-gettingstarted-pseudoprosciutto\Library\PackageCache\com.unity.visualscripting@1.6.1\Editor\VisualScripting.Core\Dependencies\YamlDotNet\Unity.VisualScripting.YamlDotNet.dll
Symbol file LoadedFromMemory doesn't match image D:\School Work\GDEV 267\01-gettingstarted-pseudoprosciutto\Library\PackageCache\com.unity.visualscripting@1.6.1\Editor\VisualScripting.Core\Dependencies\DotNetZip\Unity.VisualScripting.IonicZip.dll
Native extension for WindowsStandalone target not found
Native extension for WebGL target not found
Refreshing native plugins compatible for Editor in 0.44 ms, found 1 plugins.
Preloading 0 native plugins for Editor in 0.00 ms.
Mono: successfully reloaded assembly
- Completed reload, in  0.790 seconds
Platform modules already initialized, skipping
Refreshing native plugins compatible for Editor in 0.44 ms, found 1 plugins.
Preloading 0 native plugins for Editor in 0.00 ms.
Unloading 2976 Unused Serialized files (Serialized files now loaded: 0)
System memory in use before: 110.0 MB.
System memory in use after: 110.2 MB.

Unloading 8 unused Assets to reduce memory usage. Loaded Objects now: 3454.
Total: 3.052000 ms (FindLiveObjects: 0.211000 ms CreateObjectMapping: 0.131500 ms MarkObjects: 2.697300 ms  DeleteObjects: 0.011100 ms)

========================================================================
Received Prepare
Refreshing native plugins compatible for Editor in 1.25 ms, found 1 plugins.
Preloading 0 native plugins for Editor in 0.00 ms.
Unloading 6 Unused Serialized files (Serialized files now loaded: 0)
System memory in use before: 51.2 MB.
System memory in use after: 51.4 MB.

Unloading 6 unused Assets to reduce memory usage. Loaded Objects now: 3454.
Total: 2.868100 ms (FindLiveObjects: 0.192900 ms CreateObjectMapping: 0.131100 ms MarkObjects: 2.535600 ms  DeleteObjects: 0.008000 ms)

========================================================================
Received Prepare
Registering precompiled user dll's ...
Registered in 0.030742 seconds.
Begin MonoManager ReloadAssembly
Symbol file LoadedFromMemory doesn't match image D:\School Work\GDEV 267\01-gettingstarted-pseudoprosciutto\Library\PackageCache\com.unity.visualscripting@1.6.1\Editor\VisualScripting.Core\Dependencies\YamlDotNet\Unity.VisualScripting.YamlDotNet.dll
Symbol file LoadedFromMemory doesn't match image D:\School Work\GDEV 267\01-gettingstarted-pseudoprosciutto\Library\PackageCache\com.unity.visualscripting@1.6.1\Editor\VisualScripting.Core\Dependencies\DotNetZip\Unity.VisualScripting.IonicZip.dll
Native extension for WindowsStandalone target not found
Native extension for WebGL target not found
Refreshing native plugins compatible for Editor in 0.44 ms, found 1 plugins.
Preloading 0 native plugins for Editor in 0.00 ms.
Mono: successfully reloaded assembly
- Completed reload, in  0.764 seconds
Platform modules already initialized, skipping
Refreshing native plugins compatible for Editor in 2.81 ms, found 1 plugins.
Preloading 0 native plugins for Editor in 0.00 ms.
Unloading 2976 Unused Serialized files (Serialized files now loaded: 0)
System memory in use before: 110.1 MB.
System memory in use after: 110.3 MB.

Unloading 8 unused Assets to reduce memory usage. Loaded Objects now: 3457.
Total: 5.745800 ms (FindLiveObjects: 0.428400 ms CreateObjectMapping: 0.283600 ms MarkObjects: 5.006400 ms  DeleteObjects: 0.025700 ms)

========================================================================
Received Prepare
Refreshing native plugins compatible for Editor in 1.29 ms, found 1 plugins.
Preloading 0 native plugins for Editor in 0.00 ms.
Unloading 6 Unused Serialized files (Serialized files now loaded: 0)
System memory in use before: 51.2 MB.
System memory in use after: 51.5 MB.

Unloading 6 unused Assets to reduce memory usage. Loaded Objects now: 3457.
Total: 3.029000 ms (FindLiveObjects: 0.203300 ms CreateObjectMapping: 0.151600 ms MarkObjects: 2.663100 ms  DeleteObjects: 0.010500 ms)

