Using pre-set license

 COMMAND LINE ARGUMENTS:
/Applications/Unity/EditorsFolder/2021.1.7f1/Unity.app/Contents/MacOS/Unity
-adb2
-batchMode
-noUpm
-name
AssetImportWorker0
-projectPath
/Users/admin/Desktop/School Work/GameDesign 267/01-gettingstarted-pseudoprosciutto
-logFile
Logs/AssetImportWorker0.log
-srvPort
63944
Successfully changed project path to: /Users/admin/Desktop/School Work/GameDesign 267/01-gettingstarted-pseudoprosciutto
/Users/admin/Desktop/School Work/GameDesign 267/01-gettingstarted-pseudoprosciutto
Using Asset Import Pipeline V2.
Refreshing native plugins compatible for Editor in 150.74 ms, found 1 plugins.
Preloading 0 native plugins for Editor in 0.00 ms.
Initialize engine version: 2021.1.7f1 (d91830b65d9b)
[Subsystems] Discovering subsystems at path /Applications/Unity/EditorsFolder/2021.1.7f1/Unity.app/Contents/Resources/UnitySubsystems
[Subsystems] Discovering subsystems at path /Users/admin/Desktop/School Work/GameDesign 267/01-gettingstarted-pseudoprosciutto/Assets
GfxDevice: creating device client; threaded=0; jobified=0
2021-09-12 11:50:12.191 Unity[28650:387125] Color LCD preferred device: NVIDIA GeForce GT 650M (high power)
2021-09-12 11:50:12.191 Unity[28650:387125] Metal devices available: 2
2021-09-12 11:50:12.191 Unity[28650:387125] 0: NVIDIA GeForce GT 650M (high power)
2021-09-12 11:50:12.191 Unity[28650:387125] 1: Intel HD Graphics 4000 (low power)
2021-09-12 11:50:12.192 Unity[28650:387125] Using device NVIDIA GeForce GT 650M (high power)
Initializing Metal device caps: NVIDIA GeForce GT 650M
Initialize mono
Mono path[0] = '/Applications/Unity/EditorsFolder/2021.1.7f1/Unity.app/Contents/Managed'
Mono path[1] = '/Applications/Unity/EditorsFolder/2021.1.7f1/Unity.app/Contents/MonoBleedingEdge/lib/mono/unityjit'
Mono config path = '/Applications/Unity/EditorsFolder/2021.1.7f1/Unity.app/Contents/MonoBleedingEdge/etc'
Using monoOptions --debugger-agent=transport=dt_socket,embedding=1,server=y,suspend=n,address=127.0.0.1:56650
Begin MonoManager ReloadAssembly
Registering precompiled unity dll's ...
Register platform support module: /Applications/Unity/EditorsFolder/2021.1.7f1/Unity.app/Contents/PlaybackEngines/MacStandaloneSupport/UnityEditor.OSXStandalone.Extensions.dll
Registered in 0.000793 seconds.
Native extension for OSXStandalone target not found
Refreshing native plugins compatible for Editor in 108.51 ms, found 1 plugins.
Preloading 0 native plugins for Editor in 0.00 ms.
Mono: successfully reloaded assembly
- Completed reload, in  4.839 seconds
Platform modules already initialized, skipping
Registering precompiled user dll's ...
Registered in 0.001721 seconds.
Begin MonoManager ReloadAssembly
Symbol file LoadedFromMemory doesn't match image /Users/admin/Desktop/School Work/GameDesign 267/01-gettingstarted-pseudoprosciutto/Library/PackageCache/com.unity.visualscripting@1.6.1/Editor/VisualScripting.Core/Dependencies/YamlDotNet/Unity.VisualScripting.YamlDotNet.dll
Symbol file LoadedFromMemory doesn't match image /Users/admin/Desktop/School Work/GameDesign 267/01-gettingstarted-pseudoprosciutto/Library/PackageCache/com.unity.visualscripting@1.6.1/Editor/VisualScripting.Core/Dependencies/DotNetZip/Unity.VisualScripting.IonicZip.dll
Native extension for OSXStandalone target not found
Refreshing native plugins compatible for Editor in 0.62 ms, found 1 plugins.
Preloading 0 native plugins for Editor in 0.00 ms.
Mono: successfully reloaded assembly
- Completed reload, in  3.637 seconds
Platform modules already initialized, skipping
========================================================================
Worker process is ready to serve import requests
Launching external process: /Applications/Unity/EditorsFolder/2021.1.7f1/Unity.app/Contents/Tools/UnityShaderCompiler
Launched and connected shader compiler UnityShaderCompiler after 0.48 seconds
Refreshing native plugins compatible for Editor in 0.66 ms, found 1 plugins.
Preloading 0 native plugins for Editor in 0.00 ms.
Unloading 2666 Unused Serialized files (Serialized files now loaded: 0)
System memory in use before: 164.2 MB.
System memory in use after: 164.4 MB.

Unloading 13 unused Assets to reduce memory usage. Loaded Objects now: 3120.
Total: 2.650422 ms (FindLiveObjects: 0.263295 ms CreateObjectMapping: 0.118139 ms MarkObjects: 2.194862 ms  DeleteObjects: 0.072448 ms)

========================================================================
Received Import Request.
  path: Assets/Scenes/SampleScene.unity
  artifactKey: Guid(9fc0d4010bbf28b4594072e72b8655ab) Importer(815301076,1909f56bfc062723c751e8b465ee728b)
Start importing Assets/Scenes/SampleScene.unity using Guid(9fc0d4010bbf28b4594072e72b8655ab) Importer(815301076,1909f56bfc062723c751e8b465ee728b)  -> (artifact id: 'd3dbd388bb14c61e6aaea27197a16bbd') in 0.035675 seconds 
========================================================================
Received Import Request.
  Time since last request: 335.990342 seconds.
  path: Assets/Scenes/RollABall Lesson.unity
  artifactKey: Guid(246c2b49f7bf7416e9a789dea0df15d5) Importer(815301076,1909f56bfc062723c751e8b465ee728b)
Start importing Assets/Scenes/RollABall Lesson.unity using Guid(246c2b49f7bf7416e9a789dea0df15d5) Importer(815301076,1909f56bfc062723c751e8b465ee728b)  -> (artifact id: 'dca69f13450378db2c11b415aa9425b9') in 0.049667 seconds 
========================================================================
Received Import Request.
  Time since last request: 1288.368649 seconds.
  path: Assets/Prefabs
  artifactKey: Guid(ca71ef9f7b6334dfe99a3d1cb224e3b4) Importer(815301076,1909f56bfc062723c751e8b465ee728b)
Start importing Assets/Prefabs using Guid(ca71ef9f7b6334dfe99a3d1cb224e3b4) Importer(815301076,1909f56bfc062723c751e8b465ee728b)  -> (artifact id: 'bafaaf236e0d56eedc43bba21466a1e9') in 0.034291 seconds 
========================================================================
Received Import Request.
  Time since last request: 9.990858 seconds.
  path: Assets/Materials
  artifactKey: Guid(56524451bfd2d43238edf8ce98961523) Importer(815301076,1909f56bfc062723c751e8b465ee728b)
Start importing Assets/Materials using Guid(56524451bfd2d43238edf8ce98961523) Importer(815301076,1909f56bfc062723c751e8b465ee728b)  -> (artifact id: '6c446cfdffa906ff0b7215e5dc66887b') in 0.030427 seconds 
========================================================================
Received Import Request.
  Time since last request: 102.763838 seconds.
  path: Assets/Materials/Background.mat
  artifactKey: Guid(acd11ebca014544d2af6f3abf319ef33) Importer(815301076,1909f56bfc062723c751e8b465ee728b)
Start importing Assets/Materials/Background.mat using Guid(acd11ebca014544d2af6f3abf319ef33) Importer(815301076,1909f56bfc062723c751e8b465ee728b)  -> (artifact id: '87a7a6abd1364ba9bb6037555aa730f6') in 1.655521 seconds 
========================================================================
Received Import Request.
  Time since last request: 100.075334 seconds.
  path: Assets/Materials/Player.mat
  artifactKey: Guid(9b066903c2fee4d89b60b80e342989ad) Importer(815301076,1909f56bfc062723c751e8b465ee728b)
Start importing Assets/Materials/Player.mat using Guid(9b066903c2fee4d89b60b80e342989ad) Importer(815301076,1909f56bfc062723c751e8b465ee728b)  -> (artifact id: '650cacc33f57150a12fbc190b4fe17d8') in 0.138230 seconds 
========================================================================
Received Import Request.
  Time since last request: 153.567793 seconds.
  path: Assets/Materials/Background.mat
  artifactKey: Guid(acd11ebca014544d2af6f3abf319ef33) Importer(815301076,1909f56bfc062723c751e8b465ee728b)
Start importing Assets/Materials/Background.mat using Guid(acd11ebca014544d2af6f3abf319ef33) Importer(815301076,1909f56bfc062723c751e8b465ee728b)  -> (artifact id: '5e93e341bd302e1db748cdda7d7f5699') in 0.178058 seconds 
========================================================================
Received Import Request.
  Time since last request: 0.000251 seconds.
  path: Assets/Materials/Player.mat
  artifactKey: Guid(9b066903c2fee4d89b60b80e342989ad) Importer(815301076,1909f56bfc062723c751e8b465ee728b)
Start importing Assets/Materials/Player.mat using Guid(9b066903c2fee4d89b60b80e342989ad) Importer(815301076,1909f56bfc062723c751e8b465ee728b)  -> (artifact id: '1e6db5d9cc22ad6dfb688649729e8d53') in 0.607775 seconds 
========================================================================
Received Prepare
Registering precompiled user dll's ...
Registered in 0.043015 seconds.
Begin MonoManager ReloadAssembly
Symbol file LoadedFromMemory doesn't match image /Users/admin/Desktop/School Work/GameDesign 267/01-gettingstarted-pseudoprosciutto/Library/PackageCache/com.unity.visualscripting@1.6.1/Editor/VisualScripting.Core/Dependencies/YamlDotNet/Unity.VisualScripting.YamlDotNet.dll
Symbol file LoadedFromMemory doesn't match image /Users/admin/Desktop/School Work/GameDesign 267/01-gettingstarted-pseudoprosciutto/Library/PackageCache/com.unity.visualscripting@1.6.1/Editor/VisualScripting.Core/Dependencies/DotNetZip/Unity.VisualScripting.IonicZip.dll
Native extension for OSXStandalone target not found
Refreshing native plugins compatible for Editor in 0.65 ms, found 1 plugins.
Preloading 0 native plugins for Editor in 0.00 ms.
Mono: successfully reloaded assembly
- Completed reload, in  1.459 seconds
Platform modules already initialized, skipping
Refreshing native plugins compatible for Editor in 0.84 ms, found 1 plugins.
Preloading 0 native plugins for Editor in 0.00 ms.
Unloading 2956 Unused Serialized files (Serialized files now loaded: 0)
System memory in use before: 164.3 MB.
System memory in use after: 164.6 MB.

Unloading 6 unused Assets to reduce memory usage. Loaded Objects now: 3456.
Total: 2.710908 ms (FindLiveObjects: 0.335570 ms CreateObjectMapping: 0.248604 ms MarkObjects: 2.107343 ms  DeleteObjects: 0.017464 ms)

AssetImportWorkerClient::OnTransportError - code=2 error=End of file
